Using pre-set license
Built from '2021.2/release' branch; Version is '2021.2.15f1 (3b8567f665bb) revision 3900775'; Using compiler version '192829333'; Build Type 'Release'
OS: 'Windows 11  (10.0.22000) 64bit Core' Language: 'en' Physical Memory: 16015 MB
BatchMode: 1, IsHumanControllingUs: 0, StartBugReporterOnCrash: 0, Is64bit: 1, IsPro: 1

COMMAND LINE ARGUMENTS:
C:\Program Files\Unity\Hub\Editor\2021.2.15f1\Editor\Unity.exe
-adb2
-batchMode
-noUpm
-name
AssetImportWorker0
-projectPath
D:/UnityArdity/Unity-Hardware
-logFile
Logs/AssetImportWorker0.log
-srvPort
57187
Successfully changed project path to: D:/UnityArdity/Unity-Hardware
D:/UnityArdity/Unity-Hardware
[UnityMemory] Configuration Parameters - Can be set up in boot.config
    "memorysetup-bucket-allocator-granularity=16"
    "memorysetup-bucket-allocator-bucket-count=8"
    "memorysetup-bucket-allocator-block-size=33554432"
    "memorysetup-bucket-allocator-block-count=8"
    "memorysetup-main-allocator-block-size=16777216"
    "memorysetup-thread-allocator-block-size=16777216"
    "memorysetup-gfx-main-allocator-block-size=16777216"
    "memorysetup-gfx-thread-allocator-block-size=16777216"
    "memorysetup-cache-allocator-block-size=4194304"
    "memorysetup-typetree-allocator-block-size=2097152"
    "memorysetup-profiler-bucket-allocator-granularity=16"
    "memorysetup-profiler-bucket-allocator-bucket-count=8"
    "memorysetup-profiler-bucket-allocator-block-size=33554432"
    "memorysetup-profiler-bucket-allocator-block-count=8"
    "memorysetup-profiler-allocator-block-size=16777216"
    "memorysetup-profiler-editor-allocator-block-size=1048576"
    "memorysetup-temp-allocator-size-main=16777216"
    "memorysetup-job-temp-allocator-block-size=2097152"
    "memorysetup-job-temp-allocator-block-size-background=1048576"
    "memorysetup-job-temp-allocator-reduction-small-platforms=262144"
    "memorysetup-temp-allocator-size-background-worker=32768"
    "memorysetup-temp-allocator-size-job-worker=262144"
    "memorysetup-temp-allocator-size-preload-manager=33554432"
    "memorysetup-temp-allocator-size-nav-mesh-worker=65536"
    "memorysetup-temp-allocator-size-audio-worker=65536"
    "memorysetup-temp-allocator-size-cloud-worker=32768"
    "memorysetup-temp-allocator-size-gi-baking-worker=262144"
    "memorysetup-temp-allocator-size-gfx=262144"
Refreshing native plugins compatible for Editor in 119.55 ms, found 5 plugins.
Preloading 0 native plugins for Editor in 0.00 ms.
Initialize engine version: 2021.2.15f1 (3b8567f665bb)
[Subsystems] Discovering subsystems at path C:/Program Files/Unity/Hub/Editor/2021.2.15f1/Editor/Data/Resources/UnitySubsystems
[Subsystems] Discovering subsystems at path D:/UnityArdity/Unity-Hardware/Assets
GfxDevice: creating device client; threaded=0; jobified=0
Direct3D:
    Version:  Direct3D 11.0 [level 11.1]
    Renderer: NVIDIA GeForce MX330 (ID=0x1d16)
    Vendor:   NVIDIA
    VRAM:     1983 MB
    Driver:   30.0.14.7141
Initialize mono
Mono path[0] = 'C:/Program Files/Unity/Hub/Editor/2021.2.15f1/Editor/Data/Managed'
Mono path[1] = 'C:/Program Files/Unity/Hub/Editor/2021.2.15f1/Editor/Data/MonoBleedingEdge/lib/mono/unityjit-win32'
Mono config path = 'C:/Program Files/Unity/Hub/Editor/2021.2.15f1/Editor/Data/MonoBleedingEdge/etc'
Using monoOptions --debugger-agent=transport=dt_socket,embedding=1,server=y,suspend=n,address=127.0.0.1:56548
Begin MonoManager ReloadAssembly
Registering precompiled unity dll's ...
Register platform support module: C:/Program Files/Unity/Hub/Editor/2021.2.15f1/Editor/Data/PlaybackEngines/WebGLSupport/UnityEditor.WebGL.Extensions.dll
Register platform support module: C:/Program Files/Unity/Hub/Editor/2021.2.15f1/Editor/Data/PlaybackEngines/AndroidPlayer/UnityEditor.Android.Extensions.dll
Register platform support module: C:/Program Files/Unity/Hub/Editor/2021.2.15f1/Editor/Data/PlaybackEngines/WindowsStandaloneSupport/UnityEditor.WindowsStandalone.Extensions.dll
Register platform support module: C:/Program Files/Unity/Hub/Editor/2021.2.15f1/Editor/Data/PlaybackEngines/MetroSupport/UnityEditor.UWP.Extensions.dll
Registered in 0.006401 seconds.
Native extension for UWP target not found
Native extension for WindowsStandalone target not found
Native extension for Android target not found
Native extension for WebGL target not found
Refreshing native plugins compatible for Editor in 120.08 ms, found 5 plugins.
Preloading 0 native plugins for Editor in 0.00 ms.
Mono: successfully reloaded assembly
- Completed reload, in  0.907 seconds
Domain Reload Profiling:
	ReloadAssembly (908ms)
		BeginReloadAssembly (107ms)
			ExecutionOrderSort (0ms)
			DisableScriptedObjects (0ms)
			BackupInstance (0ms)
			ReleaseScriptingObjects (0ms)
			CreateAndSetChildDomain (1ms)
		EndReloadAssembly (659ms)
			LoadAssemblies (106ms)
			RebuildTransferFunctionScriptingTraits (0ms)
			SetupTypeCache (140ms)
			ReleaseScriptCaches (0ms)
			RebuildScriptCaches (44ms)
			SetupLoadedEditorAssemblies (412ms)
				LogAssemblyErrors (0ms)
				InitializePlatformSupportModulesInManaged (86ms)
				SetLoadedEditorAssemblies (0ms)
				RefreshPlugins (120ms)
				BeforeProcessingInitializeOnLoad (2ms)
				ProcessInitializeOnLoadAttributes (145ms)
				ProcessInitializeOnLoadMethodAttributes (59ms)
				AfterProcessingInitializeOnLoad (0ms)
				EditorAssembliesLoaded (0ms)
			ExecutionOrderSort2 (0ms)
			AwakeInstancesAfterBackupRestoration (0ms)
Platform modules already initialized, skipping
Registering precompiled user dll's ...
Registered in 0.002694 seconds.
Android Extension - Scanning For ADB Devices 4609 ms
Begin MonoManager ReloadAssembly
Native extension for UWP target not found
Native extension for WindowsStandalone target not found
Native extension for Android target not found
Native extension for WebGL target not found
Refreshing native plugins compatible for Editor in 80.42 ms, found 5 plugins.
Preloading 0 native plugins for Editor in 0.00 ms.
Package Manager log level set to [2]
Mono: successfully reloaded assembly
- Completed reload, in  1.091 seconds
Domain Reload Profiling:
	ReloadAssembly (1092ms)
		BeginReloadAssembly (121ms)
			ExecutionOrderSort (0ms)
			DisableScriptedObjects (6ms)
			BackupInstance (0ms)
			ReleaseScriptingObjects (0ms)
			CreateAndSetChildDomain (33ms)
		EndReloadAssembly (892ms)
			LoadAssemblies (92ms)
			RebuildTransferFunctionScriptingTraits (0ms)
			SetupTypeCache (197ms)
			ReleaseScriptCaches (1ms)
			RebuildScriptCaches (45ms)
			SetupLoadedEditorAssemblies (505ms)
				LogAssemblyErrors (0ms)
				InitializePlatformSupportModulesInManaged (22ms)
				SetLoadedEditorAssemblies (0ms)
				RefreshPlugins (80ms)
				BeforeProcessingInitializeOnLoad (90ms)
				ProcessInitializeOnLoadAttributes (264ms)
				ProcessInitializeOnLoadMethodAttributes (45ms)
				AfterProcessingInitializeOnLoad (3ms)
				EditorAssembliesLoaded (0ms)
			ExecutionOrderSort2 (0ms)
			AwakeInstancesAfterBackupRestoration (4ms)
Platform modules already initialized, skipping
========================================================================
Worker process is ready to serve import requests
Launched and connected shader compiler UnityShaderCompiler.exe after 0.03 seconds
Refreshing native plugins compatible for Editor in 1.93 ms, found 5 plugins.
Preloading 0 native plugins for Editor in 0.00 ms.
Unloading 3870 Unused Serialized files (Serialized files now loaded: 0)
Unloading 87 unused Assets / (57.1 KB). Loaded Objects now: 4271.
Memory consumption went from 130.8 MB to 130.7 MB.
Total: 4.208300 ms (FindLiveObjects: 0.399700 ms CreateObjectMapping: 0.209100 ms MarkObjects: 3.464300 ms  DeleteObjects: 0.133700 ms)

AssetImportParameters requested are different than current active one (requested -> active):
  custom:video-decoder-ogg-theora: a1e56fd34408186e4bbccfd4996cb3dc -> 
  custom:container-muxer-webm: aa71ff27fc2769a1b78a27578f13a17b -> 
  custom:container-demuxer-webm: 4f35f7cbe854078d1ac9338744f61a02 -> 
  custom:video-encoder-webm-vp8: eb34c28f22e8b96e1ab97ce403110664 -> 
  custom:audio-encoder-webm-vorbis: bf7c407c2cedff20999df2af8eb42d56 -> 
  custom:framework-win-MediaFoundation: 216162199b28c13a410421893ffa2e32 -> 
  custom:container-demuxer-ogg: 62fdf1f143b41e24485cea50d1cbac27 -> 
  custom:video-decoder-webm-vp8: 9c59270c3fd7afecdb556c50c9e8de78 -> 
  custom:audio-decoder-ogg-vorbis: bf7c407c2cedff20999df2af8eb42d56 -> 
========================================================================
Received Import Request.
  Time since last request: 131506.974825 seconds.
  path: Assets/Materials/Target.mat
  artifactKey: Guid(351a807c5fbdd4ff19fde1c2c5449e8c) Importer(815301076,1909f56bfc062723c751e8b465ee728b)
Start importing Assets/Materials/Target.mat using Guid(351a807c5fbdd4ff19fde1c2c5449e8c) Importer(815301076,1909f56bfc062723c751e8b465ee728b)  -> (artifact id: '0d1edeb09fb6b6cfb4c85f98e470be77') in 0.136683 seconds 
========================================================================
Received Import Request.
  Time since last request: 0.000020 seconds.
  path: Assets/Materials/NonsymmetricCubeTexture.mat
  artifactKey: Guid(e84c5fd102288448a8e2305335f05d28) Importer(815301076,1909f56bfc062723c751e8b465ee728b)
Start importing Assets/Materials/NonsymmetricCubeTexture.mat using Guid(e84c5fd102288448a8e2305335f05d28) Importer(815301076,1909f56bfc062723c751e8b465ee728b)  -> (artifact id: '3d02a509b2135a068aa32da735fd94c2') in 0.015946 seconds 
========================================================================
Received Import Request.
  Time since last request: 0.000019 seconds.
  path: Assets/Materials/NonsymmetricCubeTexture.png
  artifactKey: Guid(452601e9fe9ce416a839845ba14929ee) Importer(815301076,1909f56bfc062723c751e8b465ee728b)
Start importing Assets/Materials/NonsymmetricCubeTexture.png using Guid(452601e9fe9ce416a839845ba14929ee) Importer(815301076,1909f56bfc062723c751e8b465ee728b)  -> (artifact id: 'd67472fe7c4069d630b74bc0db7b263f') in 0.030344 seconds 
========================================================================
Received Prepare
Registering precompiled user dll's ...
Registered in 0.011978 seconds.
Begin MonoManager ReloadAssembly
Native extension for UWP target not found
Native extension for WindowsStandalone target not found
Native extension for Android target not found
Native extension for WebGL target not found
Refreshing native plugins compatible for Editor in 1.15 ms, found 5 plugins.
Preloading 0 native plugins for Editor in 0.00 ms.
Mono: successfully reloaded assembly
- Completed reload, in  1.001 seconds
Domain Reload Profiling:
	ReloadAssembly (1001ms)
		BeginReloadAssembly (112ms)
			ExecutionOrderSort (0ms)
			DisableScriptedObjects (3ms)
			BackupInstance (0ms)
			ReleaseScriptingObjects (0ms)
			CreateAndSetChildDomain (36ms)
		EndReloadAssembly (792ms)
			LoadAssemblies (84ms)
			RebuildTransferFunctionScriptingTraits (0ms)
			SetupTypeCache (226ms)
			ReleaseScriptCaches (1ms)
			RebuildScriptCaches (39ms)
			SetupLoadedEditorAssemblies (404ms)
				LogAssemblyErrors (0ms)
				InitializePlatformSupportModulesInManaged (21ms)
				SetLoadedEditorAssemblies (1ms)
				RefreshPlugins (1ms)
				BeforeProcessingInitializeOnLoad (74ms)
				ProcessInitializeOnLoadAttributes (226ms)
				ProcessInitializeOnLoadMethodAttributes (77ms)
				AfterProcessingInitializeOnLoad (5ms)
				EditorAssembliesLoaded (0ms)
			ExecutionOrderSort2 (0ms)
			AwakeInstancesAfterBackupRestoration (6ms)
Platform modules already initialized, skipping
Refreshing native plugins compatible for Editor in 2.50 ms, found 5 plugins.
Preloading 0 native plugins for Editor in 0.00 ms.
Unloading 3800 Unused Serialized files (Serialized files now loaded: 0)
Unloading 29 unused Assets / (24.7 KB). Loaded Objects now: 4308.
Memory consumption went from 133.5 MB to 133.5 MB.
Total: 14.635800 ms (FindLiveObjects: 0.366200 ms CreateObjectMapping: 0.237900 ms MarkObjects: 13.979800 ms  DeleteObjects: 0.050500 ms)

AssetImportParameters requested are different than current active one (requested -> active):
  custom:video-decoder-ogg-theora: a1e56fd34408186e4bbccfd4996cb3dc -> 
  custom:container-muxer-webm: aa71ff27fc2769a1b78a27578f13a17b -> 
  custom:container-demuxer-webm: 4f35f7cbe854078d1ac9338744f61a02 -> 
  custom:video-encoder-webm-vp8: eb34c28f22e8b96e1ab97ce403110664 -> 
  custom:audio-encoder-webm-vorbis: bf7c407c2cedff20999df2af8eb42d56 -> 
  custom:framework-win-MediaFoundation: 216162199b28c13a410421893ffa2e32 -> 
  custom:container-demuxer-ogg: 62fdf1f143b41e24485cea50d1cbac27 -> 
  custom:video-decoder-webm-vp8: 9c59270c3fd7afecdb556c50c9e8de78 -> 
  custom:audio-decoder-ogg-vorbis: bf7c407c2cedff20999df2af8eb42d56 -> 
========================================================================
Received Import Request.
  Time since last request: 180.957531 seconds.
  path: Assets/URDF/niryo_one
  artifactKey: Guid(1a26438a6a1e94e9393486d9745ccf78) Importer(815301076,1909f56bfc062723c751e8b465ee728b)
Start importing Assets/URDF/niryo_one using Guid(1a26438a6a1e94e9393486d9745ccf78) Importer(815301076,1909f56bfc062723c751e8b465ee728b)  -> (artifact id: 'e7bb4a9725be754fc4845d8df06ca3d3') in 0.018019 seconds 
========================================================================
Received Import Request.
  Time since last request: 0.672238 seconds.
  path: Assets/URDF/niryo_one/Materials
  artifactKey: Guid(0bd04a739974f4b1ab844f11ba678dc6) Importer(815301076,1909f56bfc062723c751e8b465ee728b)
Start importing Assets/URDF/niryo_one/Materials using Guid(0bd04a739974f4b1ab844f11ba678dc6) Importer(815301076,1909f56bfc062723c751e8b465ee728b)  -> (artifact id: 'd0748762c8d5c276b0cb857643d0492f') in 0.006034 seconds 
========================================================================
Received Import Request.
  Time since last request: 0.100982 seconds.
  path: Assets/URDF/niryo_one/Materials/Default.mat
  artifactKey: Guid(a103abcfc5f8c462aba305c7d0d2571e) Importer(815301076,1909f56bfc062723c751e8b465ee728b)
Start importing Assets/URDF/niryo_one/Materials/Default.mat using Guid(a103abcfc5f8c462aba305c7d0d2571e) Importer(815301076,1909f56bfc062723c751e8b465ee728b)  -> (artifact id: 'a58454d4c9ed593a8e248e6b0590948e') in 0.071267 seconds 
========================================================================
Received Import Request.
  Time since last request: 22.230863 seconds.
  path: Assets/URDF/niryo_one/niryo_one_urdf/Gripper1
  artifactKey: Guid(c64a5aa2a86becb449200db009710864) Importer(815301076,1909f56bfc062723c751e8b465ee728b)
Start importing Assets/URDF/niryo_one/niryo_one_urdf/Gripper1 using Guid(c64a5aa2a86becb449200db009710864) Importer(815301076,1909f56bfc062723c751e8b465ee728b)  -> (artifact id: '02e15bf80c22390ff8303b957ecc4404') in 0.005605 seconds 
========================================================================
Received Import Request.
  Time since last request: 0.028613 seconds.
  path: Assets/URDF/niryo_one/niryo_one_urdf/Gripper1/G1_ClampLeft.prefab
  artifactKey: Guid(256d750be87a4c2479eaf6cfa3313e6d) Importer(815301076,1909f56bfc062723c751e8b465ee728b)
Start importing Assets/URDF/niryo_one/niryo_one_urdf/Gripper1/G1_ClampLeft.prefab using Guid(256d750be87a4c2479eaf6cfa3313e6d) Importer(815301076,1909f56bfc062723c751e8b465ee728b)  -> (artifact id: '8e77229267060e43e91dcd211a4095fd') in 0.016487 seconds 
========================================================================
Received Import Request.
  Time since last request: 0.000016 seconds.
  path: Assets/URDF/niryo_one/niryo_one_urdf/Gripper1/G1_ServoHead_0.asset
  artifactKey: Guid(f69ec57dcdad5bf42b5d0428a0a28792) Importer(815301076,1909f56bfc062723c751e8b465ee728b)
Start importing Assets/URDF/niryo_one/niryo_one_urdf/Gripper1/G1_ServoHead_0.asset using Guid(f69ec57dcdad5bf42b5d0428a0a28792) Importer(815301076,1909f56bfc062723c751e8b465ee728b)  -> (artifact id: '6a7d90609dde91166f795fabe7cb1d80') in 0.193332 seconds 
========================================================================
Received Import Request.
  Time since last request: 0.000025 seconds.
  path: Assets/URDF/niryo_one/niryo_one_urdf/Gripper1/G1_MainSupport_0.asset
  artifactKey: Guid(df7794d597a91e941a382a235661102c) Importer(815301076,1909f56bfc062723c751e8b465ee728b)
Start importing Assets/URDF/niryo_one/niryo_one_urdf/Gripper1/G1_MainSupport_0.asset using Guid(df7794d597a91e941a382a235661102c) Importer(815301076,1909f56bfc062723c751e8b465ee728b)  -> (artifact id: '680db843369d2484b0fd558a6d71172d') in 0.044574 seconds 
========================================================================
Received Import Request.
  Time since last request: 0.000027 seconds.
  path: Assets/URDF/niryo_one/niryo_one_urdf/Gripper1/G1_MainSupport.prefab
  artifactKey: Guid(63cf26b5f2dfb1347a073680ba57db43) Importer(815301076,1909f56bfc062723c751e8b465ee728b)
Start importing Assets/URDF/niryo_one/niryo_one_urdf/Gripper1/G1_MainSupport.prefab using Guid(63cf26b5f2dfb1347a073680ba57db43) Importer(815301076,1909f56bfc062723c751e8b465ee728b)  -> (artifact id: 'aa060a224326161fb7d1a866a399edbe') in 0.010792 seconds 
========================================================================
Received Import Request.
  Time since last request: 0.000024 seconds.
  path: Assets/URDF/niryo_one/niryo_one_urdf/Gripper1/G1_ClampRight_0.asset
  artifactKey: Guid(c2d4828634c1ee34ca9a367bc3c2bf3c) Importer(815301076,1909f56bfc062723c751e8b465ee728b)
Start importing Assets/URDF/niryo_one/niryo_one_urdf/Gripper1/G1_ClampRight_0.asset using Guid(c2d4828634c1ee34ca9a367bc3c2bf3c) Importer(815301076,1909f56bfc062723c751e8b465ee728b)  -> (artifact id: '62eb1cd2d3dbb827e95053701078bf4f') in 0.022660 seconds 
========================================================================
Received Import Request.
  Time since last request: 0.840122 seconds.
  path: Assets/URDF/niryo_one/niryo_one_urdf/Gripper1/G1_ClampLeft.STL
  artifactKey: Guid(719590bcb56458641ad1f48c172b9339) Importer(815301076,1909f56bfc062723c751e8b465ee728b)
Start importing Assets/URDF/niryo_one/niryo_one_urdf/Gripper1/G1_ClampLeft.STL using Guid(719590bcb56458641ad1f48c172b9339) Importer(815301076,1909f56bfc062723c751e8b465ee728b)  -> (artifact id: 'b69b43e0f2d4de0e0dcb606b028edfbb') in 0.021056 seconds 
========================================================================
Received Import Request.
  Time since last request: 9.206908 seconds.
  path: Assets/Prefabs/Table.prefab
  artifactKey: Guid(85db2308098d34a79837fb7356902f62) Importer(815301076,1909f56bfc062723c751e8b465ee728b)
Start importing Assets/Prefabs/Table.prefab using Guid(85db2308098d34a79837fb7356902f62) Importer(815301076,1909f56bfc062723c751e8b465ee728b)  -> (artifact id: '80be1e7cc062502b8686fcd5fe864ebc') in 0.069944 seconds 
========================================================================
Received Import Request.
  Time since last request: 17.876410 seconds.
  path: Assets/Prefabs/uploads_files_2419475_Da+Vinci+SP_FBX.FBX
  artifactKey: Guid(82a7eb607625b9849913ea0d6a9dda90) Importer(815301076,1909f56bfc062723c751e8b465ee728b)
Start importing Assets/Prefabs/uploads_files_2419475_Da+Vinci+SP_FBX.FBX using Guid(82a7eb607625b9849913ea0d6a9dda90) Importer(815301076,1909f56bfc062723c751e8b465ee728b)  -> (artifact id: '0ea9f2f6334269fa149f602bf4806fde') in 0.271670 seconds 
========================================================================
Received Import Request.
  Time since last request: 15.010459 seconds.
  path: Assets/Prefabs/uploads_files_2419475_Da+Vinci+SP_FBX.FBX
  artifactKey: Guid(82a7eb607625b9849913ea0d6a9dda90) Importer(815301076,1909f56bfc062723c751e8b465ee728b)
Start importing Assets/Prefabs/uploads_files_2419475_Da+Vinci+SP_FBX.FBX using Guid(82a7eb607625b9849913ea0d6a9dda90) Importer(815301076,1909f56bfc062723c751e8b465ee728b)  -> (artifact id: 'dac10a336267219b21551c141e3b7ada') in 0.290795 seconds 
========================================================================
Received Import Request.
  Time since last request: 27.151121 seconds.
  path: Assets/Prefabs/surgical.prefab
  artifactKey: Guid(bba9d1bd81167c84ea6c6c2eeb13dd75) Importer(815301076,1909f56bfc062723c751e8b465ee728b)
Start importing Assets/Prefabs/surgical.prefab using Guid(bba9d1bd81167c84ea6c6c2eeb13dd75) Importer(815301076,1909f56bfc062723c751e8b465ee728b)  -> (artifact id: 'bf8812497279cb9e5638e5b053cbee1e') in 0.038632 seconds 
========================================================================
Received Import Request.
  Time since last request: 9.017344 seconds.
  path: Assets/Scenes/SampleScene.unity
  artifactKey: Guid(9fc0d4010bbf28b4594072e72b8655ab) Importer(815301076,1909f56bfc062723c751e8b465ee728b)
Start importing Assets/Scenes/SampleScene.unity using Guid(9fc0d4010bbf28b4594072e72b8655ab) Importer(815301076,1909f56bfc062723c751e8b465ee728b)  -> (artifact id: 'deb62d54f583818c0a5e539d9a65fec3') in 0.005842 seconds 
========================================================================
Received Import Request.
  Time since last request: 146.130422 seconds.
  path: Assets/RosMessages/Unity.Robotics.RosMessages.asmdef
  artifactKey: Guid(204b12c73a0ba074c888ec09a2713605) Importer(815301076,1909f56bfc062723c751e8b465ee728b)
Start importing Assets/RosMessages/Unity.Robotics.RosMessages.asmdef using Guid(204b12c73a0ba074c888ec09a2713605) Importer(815301076,1909f56bfc062723c751e8b465ee728b)  -> (artifact id: 'd70bb1556245d69881f83c970a0c9170') in 0.006062 seconds 
========================================================================
Received Prepare
Registering precompiled user dll's ...
Registered in 0.002648 seconds.
Begin MonoManager ReloadAssembly
Native extension for UWP target not found
Native extension for WindowsStandalone target not found
Native extension for Android target not found
Native extension for WebGL target not found
Refreshing native plugins compatible for Editor in 0.67 ms, found 5 plugins.
Preloading 0 native plugins for Editor in 0.00 ms.
Mono: successfully reloaded assembly
- Completed reload, in  1.100 seconds
Domain Reload Profiling:
	ReloadAssembly (1101ms)
		BeginReloadAssembly (141ms)
			ExecutionOrderSort (0ms)
			DisableScriptedObjects (4ms)
			BackupInstance (0ms)
			ReleaseScriptingObjects (0ms)
			CreateAndSetChildDomain (40ms)
		EndReloadAssembly (870ms)
			LoadAssemblies (117ms)
			RebuildTransferFunctionScriptingTraits (0ms)
			SetupTypeCache (364ms)
			ReleaseScriptCaches (3ms)
			RebuildScriptCaches (51ms)
			SetupLoadedEditorAssemblies (312ms)
				LogAssemblyErrors (0ms)
				InitializePlatformSupportModulesInManaged (24ms)
				SetLoadedEditorAssemblies (0ms)
				RefreshPlugins (1ms)
				BeforeProcessingInitializeOnLoad (58ms)
				ProcessInitializeOnLoadAttributes (181ms)
				ProcessInitializeOnLoadMethodAttributes (44ms)
				AfterProcessingInitializeOnLoad (3ms)
				EditorAssembliesLoaded (0ms)
			ExecutionOrderSort2 (0ms)
			AwakeInstancesAfterBackupRestoration (4ms)
Platform modules already initialized, skipping
Refreshing native plugins compatible for Editor in 2.44 ms, found 5 plugins.
Preloading 0 native plugins for Editor in 0.00 ms.
Unloading 3539 Unused Serialized files (Serialized files now loaded: 0)
Unloading 283 unused Assets / (24.9 KB). Loaded Objects now: 4055.
Memory consumption went from 128.5 MB to 128.5 MB.
Total: 4.129900 ms (FindLiveObjects: 0.502700 ms CreateObjectMapping: 0.226200 ms MarkObjects: 3.243600 ms  DeleteObjects: 0.155800 ms)

AssetImportParameters requested are different than current active one (requested -> active):
  custom:video-decoder-ogg-theora: a1e56fd34408186e4bbccfd4996cb3dc -> 
  custom:container-muxer-webm: aa71ff27fc2769a1b78a27578f13a17b -> 
  custom:container-demuxer-webm: 4f35f7cbe854078d1ac9338744f61a02 -> 
  custom:video-encoder-webm-vp8: eb34c28f22e8b96e1ab97ce403110664 -> 
  custom:audio-encoder-webm-vorbis: bf7c407c2cedff20999df2af8eb42d56 -> 
  custom:framework-win-MediaFoundation: 216162199b28c13a410421893ffa2e32 -> 
  custom:container-demuxer-ogg: 62fdf1f143b41e24485cea50d1cbac27 -> 
  custom:video-decoder-webm-vp8: 9c59270c3fd7afecdb556c50c9e8de78 -> 
  custom:audio-decoder-ogg-vorbis: bf7c407c2cedff20999df2af8eb42d56 -> 
========================================================================
Received Import Request.
  Time since last request: 19.384228 seconds.
  path: Assets/Environment/ModTable.fbx
  artifactKey: Guid(e7d9c3030e21048d498c999ec090012b) Importer(815301076,1909f56bfc062723c751e8b465ee728b)
Start importing Assets/Environment/ModTable.fbx using Guid(e7d9c3030e21048d498c999ec090012b) Importer(815301076,1909f56bfc062723c751e8b465ee728b)  -> (artifact id: '6c3e82d2e4c54a83c56cdc8129ee36ca') in 0.145276 seconds 
========================================================================
Received Import Request.
  Time since last request: 0.000144 seconds.
  path: Assets/Environment/TableTopLogo.png
  artifactKey: Guid(f1da15ef509074fa3910935117712e53) Importer(815301076,1909f56bfc062723c751e8b465ee728b)
Start importing Assets/Environment/TableTopLogo.png using Guid(f1da15ef509074fa3910935117712e53) Importer(815301076,1909f56bfc062723c751e8b465ee728b)  -> (artifact id: '33e57bb4b6e5771e90909aae9fbfb09d') in 0.026719 seconds 
========================================================================
Received Import Request.
  Time since last request: 9.613187 seconds.
  path: Assets/Scripts/Unity.Robotics.PickAndPlace.asmdef
  artifactKey: Guid(79169c04a5f9b014e919b69ac8df4286) Importer(815301076,1909f56bfc062723c751e8b465ee728b)
Start importing Assets/Scripts/Unity.Robotics.PickAndPlace.asmdef using Guid(79169c04a5f9b014e919b69ac8df4286) Importer(815301076,1909f56bfc062723c751e8b465ee728b)  -> (artifact id: '46f6a39a43c93633f69ad0b954a86feb') in 0.001632 seconds 
========================================================================
Received Prepare
Registering precompiled user dll's ...
Registered in 0.002392 seconds.
Begin MonoManager ReloadAssembly
Native extension for UWP target not found
Native extension for WindowsStandalone target not found
Native extension for Android target not found
Native extension for WebGL target not found
Refreshing native plugins compatible for Editor in 0.83 ms, found 5 plugins.
Preloading 0 native plugins for Editor in 0.00 ms.
Mono: successfully reloaded assembly
- Completed reload, in  0.978 seconds
Domain Reload Profiling:
	ReloadAssembly (979ms)
		BeginReloadAssembly (133ms)
			ExecutionOrderSort (0ms)
			DisableScriptedObjects (3ms)
			BackupInstance (0ms)
			ReleaseScriptingObjects (0ms)
			CreateAndSetChildDomain (44ms)
		EndReloadAssembly (754ms)
			LoadAssemblies (106ms)
			RebuildTransferFunctionScriptingTraits (0ms)
			SetupTypeCache (227ms)
			ReleaseScriptCaches (2ms)
			RebuildScriptCaches (39ms)
			SetupLoadedEditorAssemblies (336ms)
				LogAssemblyErrors (0ms)
				InitializePlatformSupportModulesInManaged (23ms)
				SetLoadedEditorAssemblies (1ms)
				RefreshPlugins (1ms)
				BeforeProcessingInitializeOnLoad (59ms)
				ProcessInitializeOnLoadAttributes (220ms)
				ProcessInitializeOnLoadMethodAttributes (28ms)
				AfterProcessingInitializeOnLoad (5ms)
				EditorAssembliesLoaded (0ms)
			ExecutionOrderSort2 (0ms)
			AwakeInstancesAfterBackupRestoration (4ms)
Platform modules already initialized, skipping
Refreshing native plugins compatible for Editor in 2.59 ms, found 5 plugins.
Preloading 0 native plugins for Editor in 0.00 ms.
Unloading 3534 Unused Serialized files (Serialized files now loaded: 0)
Unloading 23 unused Assets / (24.7 KB). Loaded Objects now: 4058.
Memory consumption went from 127.7 MB to 127.6 MB.
Total: 3.632600 ms (FindLiveObjects: 0.361900 ms CreateObjectMapping: 0.187100 ms MarkObjects: 3.055600 ms  DeleteObjects: 0.026600 ms)

AssetImportParameters requested are different than current active one (requested -> active):
  custom:video-decoder-ogg-theora: a1e56fd34408186e4bbccfd4996cb3dc -> 
  custom:container-muxer-webm: aa71ff27fc2769a1b78a27578f13a17b -> 
  custom:container-demuxer-webm: 4f35f7cbe854078d1ac9338744f61a02 -> 
  custom:video-encoder-webm-vp8: eb34c28f22e8b96e1ab97ce403110664 -> 
  custom:audio-encoder-webm-vorbis: bf7c407c2cedff20999df2af8eb42d56 -> 
  custom:framework-win-MediaFoundation: 216162199b28c13a410421893ffa2e32 -> 
  custom:container-demuxer-ogg: 62fdf1f143b41e24485cea50d1cbac27 -> 
  custom:video-decoder-webm-vp8: 9c59270c3fd7afecdb556c50c9e8de78 -> 
  custom:audio-decoder-ogg-vorbis: bf7c407c2cedff20999df2af8eb42d56 -> 
========================================================================
Received Import Request.
  Time since last request: 17.638469 seconds.
  path: Assets/XR/XRGeneralSettings.asset
  artifactKey: Guid(e478e32145610b8479df1c3d610f9304) Importer(815301076,1909f56bfc062723c751e8b465ee728b)
Start importing Assets/XR/XRGeneralSettings.asset using Guid(e478e32145610b8479df1c3d610f9304) Importer(815301076,1909f56bfc062723c751e8b465ee728b)  -> (artifact id: '0378904b22570991e5c91ab75451a128') in 0.018644 seconds 
========================================================================
Received Import Request.
  Time since last request: 4.711536 seconds.
  path: Assets/Scenes/EmptyScene.unity
  artifactKey: Guid(8991ac6fc972d4f4da98e0c54f860ce8) Importer(815301076,1909f56bfc062723c751e8b465ee728b)
Start importing Assets/Scenes/EmptyScene.unity using Guid(8991ac6fc972d4f4da98e0c54f860ce8) Importer(815301076,1909f56bfc062723c751e8b465ee728b)  -> (artifact id: 'be4a0debf684c480ab9ef0845b4842ee') in 0.098938 seconds 
========================================================================
Received Import Request.
  Time since last request: 1.036644 seconds.
  path: Assets/Scenes/Part1DoneScene.unity
  artifactKey: Guid(510e3a95eca75c34b909dae26f12922e) Importer(815301076,1909f56bfc062723c751e8b465ee728b)
Start importing Assets/Scenes/Part1DoneScene.unity using Guid(510e3a95eca75c34b909dae26f12922e) Importer(815301076,1909f56bfc062723c751e8b465ee728b)  -> (artifact id: '6d154558ff1bd9a969f93394b3a96565') in 0.002615 seconds 
========================================================================
Received Import Request.
  Time since last request: 10.870997 seconds.
  path: Assets/Scenes/SampleScene.unity
  artifactKey: Guid(9fc0d4010bbf28b4594072e72b8655ab) Importer(815301076,1909f56bfc062723c751e8b465ee728b)
Start importing Assets/Scenes/SampleScene.unity using Guid(9fc0d4010bbf28b4594072e72b8655ab) Importer(815301076,1909f56bfc062723c751e8b465ee728b)  -> (artifact id: '6c523e57ff443ec6a3614a6a47671458') in 0.002527 seconds 
========================================================================
Received Prepare
Registering precompiled user dll's ...
Registered in 0.001933 seconds.
Begin MonoManager ReloadAssembly
Native extension for UWP target not found
Native extension for WindowsStandalone target not found
Native extension for Android target not found
Native extension for WebGL target not found
Refreshing native plugins compatible for Editor in 0.53 ms, found 5 plugins.
Preloading 0 native plugins for Editor in 0.00 ms.
Mono: successfully reloaded assembly
- Completed reload, in  0.840 seconds
Domain Reload Profiling:
	ReloadAssembly (840ms)
		BeginReloadAssembly (123ms)
			ExecutionOrderSort (0ms)
			DisableScriptedObjects (3ms)
			BackupInstance (0ms)
			ReleaseScriptingObjects (0ms)
			CreateAndSetChildDomain (38ms)
		EndReloadAssembly (637ms)
			LoadAssemblies (88ms)
			RebuildTransferFunctionScriptingTraits (0ms)
			SetupTypeCache (191ms)
			ReleaseScriptCaches (1ms)
			RebuildScriptCaches (31ms)
			SetupLoadedEditorAssemblies (286ms)
				LogAssemblyErrors (0ms)
				InitializePlatformSupportModulesInManaged (21ms)
				SetLoadedEditorAssemblies (0ms)
				RefreshPlugins (1ms)
				BeforeProcessingInitializeOnLoad (51ms)
				ProcessInitializeOnLoadAttributes (177ms)
				ProcessInitializeOnLoadMethodAttributes (32ms)
				AfterProcessingInitializeOnLoad (4ms)
				EditorAssembliesLoaded (0ms)
			ExecutionOrderSort2 (0ms)
			AwakeInstancesAfterBackupRestoration (5ms)
Platform modules already initialized, skipping
Refreshing native plugins compatible for Editor in 2.71 ms, found 5 plugins.
Preloading 0 native plugins for Editor in 0.00 ms.
Unloading 3539 Unused Serialized files (Serialized files now loaded: 0)
Unloading 22 unused Assets / (24.7 KB). Loaded Objects now: 4063.
Memory consumption went from 127.8 MB to 127.8 MB.
Total: 4.035400 ms (FindLiveObjects: 0.313200 ms CreateObjectMapping: 0.215500 ms MarkObjects: 3.474000 ms  DeleteObjects: 0.031300 ms)

AssetImportParameters requested are different than current active one (requested -> active):
  custom:video-decoder-ogg-theora: a1e56fd34408186e4bbccfd4996cb3dc -> 
  custom:container-muxer-webm: aa71ff27fc2769a1b78a27578f13a17b -> 
  custom:container-demuxer-webm: 4f35f7cbe854078d1ac9338744f61a02 -> 
  custom:video-encoder-webm-vp8: eb34c28f22e8b96e1ab97ce403110664 -> 
  custom:audio-encoder-webm-vorbis: bf7c407c2cedff20999df2af8eb42d56 -> 
  custom:framework-win-MediaFoundation: 216162199b28c13a410421893ffa2e32 -> 
  custom:container-demuxer-ogg: 62fdf1f143b41e24485cea50d1cbac27 -> 
  custom:video-decoder-webm-vp8: 9c59270c3fd7afecdb556c50c9e8de78 -> 
  custom:audio-decoder-ogg-vorbis: bf7c407c2cedff20999df2af8eb42d56 -> 
========================================================================
Received Import Request.
  Time since last request: 65.016865 seconds.
  path: Assets/Scenes/TutorialScene.unity
  artifactKey: Guid(85c726933a404ac469967a7391a6ceda) Importer(815301076,1909f56bfc062723c751e8b465ee728b)
Start importing Assets/Scenes/TutorialScene.unity using Guid(85c726933a404ac469967a7391a6ceda) Importer(815301076,1909f56bfc062723c751e8b465ee728b)  -> (artifact id: '6f20505a56b8ac9d102823c1705578e0') in 0.014504 seconds 
========================================================================
Received Import Request.
  Time since last request: 10.887754 seconds.
  path: Assets/Scenes/Part1DoneScene.unity
  artifactKey: Guid(510e3a95eca75c34b909dae26f12922e) Importer(815301076,1909f56bfc062723c751e8b465ee728b)
Start importing Assets/Scenes/Part1DoneScene.unity using Guid(510e3a95eca75c34b909dae26f12922e) Importer(815301076,1909f56bfc062723c751e8b465ee728b)  -> (artifact id: '89611ffc25320455160d1899daec759d') in 0.001721 seconds 
========================================================================
Received Prepare
Registering precompiled user dll's ...
Registered in 0.001861 seconds.
Begin MonoManager ReloadAssembly
Native extension for UWP target not found
Native extension for WindowsStandalone target not found
Native extension for Android target not found
Native extension for WebGL target not found
Refreshing native plugins compatible for Editor in 0.61 ms, found 5 plugins.
Preloading 0 native plugins for Editor in 0.00 ms.
Mono: successfully reloaded assembly
- Completed reload, in  0.923 seconds
Domain Reload Profiling:
	ReloadAssembly (924ms)
		BeginReloadAssembly (119ms)
			ExecutionOrderSort (0ms)
			DisableScriptedObjects (5ms)
			BackupInstance (0ms)
			ReleaseScriptingObjects (0ms)
			CreateAndSetChildDomain (37ms)
		EndReloadAssembly (709ms)
			LoadAssemblies (86ms)
			RebuildTransferFunctionScriptingTraits (0ms)
			SetupTypeCache (214ms)
			ReleaseScriptCaches (2ms)
			RebuildScriptCaches (36ms)
			SetupLoadedEditorAssemblies (330ms)
				LogAssemblyErrors (0ms)
				InitializePlatformSupportModulesInManaged (26ms)
				SetLoadedEditorAssemblies (0ms)
				RefreshPlugins (1ms)
				BeforeProcessingInitializeOnLoad (70ms)
				ProcessInitializeOnLoadAttributes (173ms)
				ProcessInitializeOnLoadMethodAttributes (46ms)
				AfterProcessingInitializeOnLoad (13ms)
				EditorAssembliesLoaded (0ms)
			ExecutionOrderSort2 (0ms)
			AwakeInstancesAfterBackupRestoration (7ms)
Platform modules already initialized, skipping
Refreshing native plugins compatible for Editor in 5.35 ms, found 5 plugins.
Preloading 0 native plugins for Editor in 0.00 ms.
Unloading 3539 Unused Serialized files (Serialized files now loaded: 0)
Unloading 22 unused Assets / (24.6 KB). Loaded Objects now: 4067.
Memory consumption went from 127.8 MB to 127.8 MB.
Total: 4.441200 ms (FindLiveObjects: 0.374700 ms CreateObjectMapping: 0.247400 ms MarkObjects: 3.784600 ms  DeleteObjects: 0.032700 ms)

AssetImportParameters requested are different than current active one (requested -> active):
  custom:video-decoder-ogg-theora: a1e56fd34408186e4bbccfd4996cb3dc -> 
  custom:container-muxer-webm: aa71ff27fc2769a1b78a27578f13a17b -> 
  custom:container-demuxer-webm: 4f35f7cbe854078d1ac9338744f61a02 -> 
  custom:video-encoder-webm-vp8: eb34c28f22e8b96e1ab97ce403110664 -> 
  custom:audio-encoder-webm-vorbis: bf7c407c2cedff20999df2af8eb42d56 -> 
  custom:framework-win-MediaFoundation: 216162199b28c13a410421893ffa2e32 -> 
  custom:container-demuxer-ogg: 62fdf1f143b41e24485cea50d1cbac27 -> 
  custom:video-decoder-webm-vp8: 9c59270c3fd7afecdb556c50c9e8de78 -> 
  custom:audio-decoder-ogg-vorbis: bf7c407c2cedff20999df2af8eb42d56 -> 
========================================================================
Received Prepare
Registering precompiled user dll's ...
Registered in 0.001842 seconds.
Begin MonoManager ReloadAssembly
Native extension for UWP target not found
Native extension for WindowsStandalone target not found
Native extension for Android target not found
Native extension for WebGL target not found
Refreshing native plugins compatible for Editor in 0.69 ms, found 5 plugins.
Preloading 0 native plugins for Editor in 0.00 ms.
Mono: successfully reloaded assembly
- Completed reload, in  1.022 seconds
Domain Reload Profiling:
	ReloadAssembly (1022ms)
		BeginReloadAssembly (112ms)
			ExecutionOrderSort (0ms)
			DisableScriptedObjects (4ms)
			BackupInstance (0ms)
			ReleaseScriptingObjects (0ms)
			CreateAndSetChildDomain (31ms)
		EndReloadAssembly (826ms)
			LoadAssemblies (87ms)
			RebuildTransferFunctionScriptingTraits (0ms)
			SetupTypeCache (208ms)
			ReleaseScriptCaches (1ms)
			RebuildScriptCaches (44ms)
			SetupLoadedEditorAssemblies (434ms)
				LogAssemblyErrors (0ms)
				InitializePlatformSupportModulesInManaged (24ms)
				SetLoadedEditorAssemblies (0ms)
				RefreshPlugins (1ms)
				BeforeProcessingInitializeOnLoad (69ms)
				ProcessInitializeOnLoadAttributes (277ms)
				ProcessInitializeOnLoadMethodAttributes (56ms)
				AfterProcessingInitializeOnLoad (6ms)
				EditorAssembliesLoaded (0ms)
			ExecutionOrderSort2 (0ms)
			AwakeInstancesAfterBackupRestoration (8ms)
Platform modules already initialized, skipping
Refreshing native plugins compatible for Editor in 3.48 ms, found 5 plugins.
Preloading 0 native plugins for Editor in 0.00 ms.
Unloading 3539 Unused Serialized files (Serialized files now loaded: 0)
Unloading 22 unused Assets / (24.6 KB). Loaded Objects now: 4071.
Memory consumption went from 127.8 MB to 127.8 MB.
Total: 6.369700 ms (FindLiveObjects: 1.014200 ms CreateObjectMapping: 0.373000 ms MarkObjects: 4.936200 ms  DeleteObjects: 0.043700 ms)

AssetImportParameters requested are different than current active one (requested -> active):
  custom:video-decoder-ogg-theora: a1e56fd34408186e4bbccfd4996cb3dc -> 
  custom:container-muxer-webm: aa71ff27fc2769a1b78a27578f13a17b -> 
  custom:container-demuxer-webm: 4f35f7cbe854078d1ac9338744f61a02 -> 
  custom:video-encoder-webm-vp8: eb34c28f22e8b96e1ab97ce403110664 -> 
  custom:audio-encoder-webm-vorbis: bf7c407c2cedff20999df2af8eb42d56 -> 
  custom:framework-win-MediaFoundation: 216162199b28c13a410421893ffa2e32 -> 
  custom:container-demuxer-ogg: 62fdf1f143b41e24485cea50d1cbac27 -> 
  custom:video-decoder-webm-vp8: 9c59270c3fd7afecdb556c50c9e8de78 -> 
  custom:audio-decoder-ogg-vorbis: bf7c407c2cedff20999df2af8eb42d56 -> 
========================================================================
Received Import Request.
  Time since last request: 153.005158 seconds.
  path: Assets/Scenes/DemoScene.unity
  artifactKey: Guid(b51a2f002143e4b29a388f9213209978) Importer(815301076,1909f56bfc062723c751e8b465ee728b)
Start importing Assets/Scenes/DemoScene.unity using Guid(b51a2f002143e4b29a388f9213209978) Importer(815301076,1909f56bfc062723c751e8b465ee728b)  -> (artifact id: '89f940ce291977c33333560d7b16a2f3') in 0.015952 seconds 
========================================================================
Received Prepare
Registering precompiled user dll's ...
Registered in 0.003100 seconds.
Begin MonoManager ReloadAssembly
Native extension for UWP target not found
Native extension for WindowsStandalone target not found
Native extension for Android target not found
Native extension for WebGL target not found
Refreshing native plugins compatible for Editor in 123.73 ms, found 10 plugins.
Preloading 0 native plugins for Editor in 0.00 ms.
Mono: successfully reloaded assembly
- Completed reload, in  1.441 seconds
Domain Reload Profiling:
	ReloadAssembly (1442ms)
		BeginReloadAssembly (173ms)
			ExecutionOrderSort (0ms)
			DisableScriptedObjects (6ms)
			BackupInstance (0ms)
			ReleaseScriptingObjects (0ms)
			CreateAndSetChildDomain (60ms)
		EndReloadAssembly (1135ms)
			LoadAssemblies (115ms)
			RebuildTransferFunctionScriptingTraits (0ms)
			SetupTypeCache (286ms)
			ReleaseScriptCaches (2ms)
			RebuildScriptCaches (73ms)
			SetupLoadedEditorAssemblies (597ms)
				LogAssemblyErrors (0ms)
				InitializePlatformSupportModulesInManaged (31ms)
				SetLoadedEditorAssemblies (0ms)
				RefreshPlugins (124ms)
				BeforeProcessingInitializeOnLoad (78ms)
				ProcessInitializeOnLoadAttributes (301ms)
				ProcessInitializeOnLoadMethodAttributes (57ms)
				AfterProcessingInitializeOnLoad (6ms)
				EditorAssembliesLoaded (0ms)
			ExecutionOrderSort2 (0ms)
			AwakeInstancesAfterBackupRestoration (6ms)
Platform modules already initialized, skipping
Refreshing native plugins compatible for Editor in 7.34 ms, found 10 plugins.
Preloading 0 native plugins for Editor in 0.00 ms.
Unloading 3983 Unused Serialized files (Serialized files now loaded: 0)
Unloading 45 unused Assets / (25.7 KB). Loaded Objects now: 4498.
Memory consumption went from 143.8 MB to 143.8 MB.
Total: 6.161100 ms (FindLiveObjects: 0.428300 ms CreateObjectMapping: 0.327200 ms MarkObjects: 5.351300 ms  DeleteObjects: 0.052500 ms)

AssetImportParameters requested are different than current active one (requested -> active):
  custom:video-decoder-ogg-theora: a1e56fd34408186e4bbccfd4996cb3dc -> 
  custom:container-muxer-webm: aa71ff27fc2769a1b78a27578f13a17b -> 
  custom:container-demuxer-webm: 4f35f7cbe854078d1ac9338744f61a02 -> 
  custom:video-encoder-webm-vp8: eb34c28f22e8b96e1ab97ce403110664 -> 
  custom:audio-encoder-webm-vorbis: bf7c407c2cedff20999df2af8eb42d56 -> 
  custom:framework-win-MediaFoundation: 216162199b28c13a410421893ffa2e32 -> 
  custom:container-demuxer-ogg: 62fdf1f143b41e24485cea50d1cbac27 -> 
  custom:video-decoder-webm-vp8: 9c59270c3fd7afecdb556c50c9e8de78 -> 
  custom:audio-decoder-ogg-vorbis: bf7c407c2cedff20999df2af8eb42d56 -> 
========================================================================
Received Import Request.
  Time since last request: 122.257606 seconds.
  path: Assets/Samples/OpenXR Plugin/1.3.1/Controller
  artifactKey: Guid(d3e791c4313d6114a83963c76bdf0065) Importer(815301076,1909f56bfc062723c751e8b465ee728b)
Start importing Assets/Samples/OpenXR Plugin/1.3.1/Controller using Guid(d3e791c4313d6114a83963c76bdf0065) Importer(815301076,1909f56bfc062723c751e8b465ee728b)  -> (artifact id: '8b5950a5e31b79c880e7169688c114bd') in 0.032080 seconds 
========================================================================
Received Prepare
Registering precompiled user dll's ...
Registered in 0.002907 seconds.
Begin MonoManager ReloadAssembly
Native extension for UWP target not found
Native extension for WindowsStandalone target not found
Native extension for Android target not found
Native extension for WebGL target not found
Refreshing native plugins compatible for Editor in 2.46 ms, found 10 plugins.
Preloading 0 native plugins for Editor in 0.00 ms.
Mono: successfully reloaded assembly
- Completed reload, in  1.012 seconds
Domain Reload Profiling:
	ReloadAssembly (1013ms)
		BeginReloadAssembly (119ms)
			ExecutionOrderSort (0ms)
			DisableScriptedObjects (5ms)
			BackupInstance (0ms)
			ReleaseScriptingObjects (0ms)
			CreateAndSetChildDomain (35ms)
		EndReloadAssembly (817ms)
			LoadAssemblies (83ms)
			RebuildTransferFunctionScriptingTraits (0ms)
			SetupTypeCache (243ms)
			ReleaseScriptCaches (4ms)
			RebuildScriptCaches (66ms)
			SetupLoadedEditorAssemblies (354ms)
				LogAssemblyErrors (0ms)
				InitializePlatformSupportModulesInManaged (21ms)
				SetLoadedEditorAssemblies (0ms)
				RefreshPlugins (3ms)
				BeforeProcessingInitializeOnLoad (59ms)
				ProcessInitializeOnLoadAttributes (234ms)
				ProcessInitializeOnLoadMethodAttributes (34ms)
				AfterProcessingInitializeOnLoad (4ms)
				EditorAssembliesLoaded (0ms)
			ExecutionOrderSort2 (0ms)
			AwakeInstancesAfterBackupRestoration (5ms)
Platform modules already initialized, skipping
Refreshing native plugins compatible for Editor in 5.98 ms, found 10 plugins.
Preloading 0 native plugins for Editor in 0.00 ms.
Unloading 3998 Unused Serialized files (Serialized files now loaded: 0)
Unloading 45 unused Assets / (25.7 KB). Loaded Objects now: 4517.
Memory consumption went from 144.2 MB to 144.2 MB.
Total: 3.575400 ms (FindLiveObjects: 0.289800 ms CreateObjectMapping: 0.121600 ms MarkObjects: 3.116900 ms  DeleteObjects: 0.045600 ms)

AssetImportParameters requested are different than current active one (requested -> active):
  custom:video-decoder-ogg-theora: a1e56fd34408186e4bbccfd4996cb3dc -> 
  custom:container-muxer-webm: aa71ff27fc2769a1b78a27578f13a17b -> 
  custom:container-demuxer-webm: 4f35f7cbe854078d1ac9338744f61a02 -> 
  custom:video-encoder-webm-vp8: eb34c28f22e8b96e1ab97ce403110664 -> 
  custom:audio-encoder-webm-vorbis: bf7c407c2cedff20999df2af8eb42d56 -> 
  custom:framework-win-MediaFoundation: 216162199b28c13a410421893ffa2e32 -> 
  custom:container-demuxer-ogg: 62fdf1f143b41e24485cea50d1cbac27 -> 
  custom:video-decoder-webm-vp8: 9c59270c3fd7afecdb556c50c9e8de78 -> 
  custom:audio-decoder-ogg-vorbis: bf7c407c2cedff20999df2af8eb42d56 -> 
========================================================================
Received Import Request.
  Time since last request: 7.531409 seconds.
  path: Assets/Samples/OpenXR Plugin/1.3.1/Meshing Subsystem Feature
  artifactKey: Guid(4fc7429991fd6d345b2174ec8fd93ca3) Importer(815301076,1909f56bfc062723c751e8b465ee728b)
Start importing Assets/Samples/OpenXR Plugin/1.3.1/Meshing Subsystem Feature using Guid(4fc7429991fd6d345b2174ec8fd93ca3) Importer(815301076,1909f56bfc062723c751e8b465ee728b)  -> (artifact id: '67601115ae62b2bb3e12a2d1c95c92f2') in 0.015065 seconds 
========================================================================
Received Import Request.
  Time since last request: 1.339037 seconds.
  path: Assets/Samples/OpenXR Plugin/1.3.1/Intercept Feature
  artifactKey: Guid(9cf2bca90c536454ab5e3e830cdfe2dd) Importer(815301076,1909f56bfc062723c751e8b465ee728b)
Start importing Assets/Samples/OpenXR Plugin/1.3.1/Intercept Feature using Guid(9cf2bca90c536454ab5e3e830cdfe2dd) Importer(815301076,1909f56bfc062723c751e8b465ee728b)  -> (artifact id: 'c25b3ca47eeb1fb835f5b39161beb739') in 0.006836 seconds 
========================================================================
Received Prepare
Registering precompiled user dll's ...
Registered in 0.005917 seconds.
Begin MonoManager ReloadAssembly
Native extension for UWP target not found
Native extension for WindowsStandalone target not found
Native extension for Android target not found
Native extension for WebGL target not found
Refreshing native plugins compatible for Editor in 1.07 ms, found 12 plugins.
Preloading 0 native plugins for Editor in 0.00 ms.
Mono: successfully reloaded assembly
- Completed reload, in  1.215 seconds
Domain Reload Profiling:
	ReloadAssembly (1215ms)
		BeginReloadAssembly (146ms)
			ExecutionOrderSort (0ms)
			DisableScriptedObjects (5ms)
			BackupInstance (0ms)
			ReleaseScriptingObjects (0ms)
			CreateAndSetChildDomain (40ms)
		EndReloadAssembly (943ms)
			LoadAssemblies (103ms)
			RebuildTransferFunctionScriptingTraits (0ms)
			SetupTypeCache (278ms)
			ReleaseScriptCaches (2ms)
			RebuildScriptCaches (48ms)
			SetupLoadedEditorAssemblies (436ms)
				LogAssemblyErrors (0ms)
				InitializePlatformSupportModulesInManaged (31ms)
				SetLoadedEditorAssemblies (1ms)
				RefreshPlugins (1ms)
				BeforeProcessingInitializeOnLoad (76ms)
				ProcessInitializeOnLoadAttributes (277ms)
				ProcessInitializeOnLoadMethodAttributes (46ms)
				AfterProcessingInitializeOnLoad (5ms)
				EditorAssembliesLoaded (0ms)
			ExecutionOrderSort2 (0ms)
			AwakeInstancesAfterBackupRestoration (12ms)
Platform modules already initialized, skipping
Refreshing native plugins compatible for Editor in 8.35 ms, found 12 plugins.
Preloading 0 native plugins for Editor in 0.00 ms.
Unloading 4016 Unused Serialized files (Serialized files now loaded: 0)
Unloading 55 unused Assets / (25.6 KB). Loaded Objects now: 4529.
Memory consumption went from 144.7 MB to 144.7 MB.
Total: 6.094900 ms (FindLiveObjects: 1.535600 ms CreateObjectMapping: 0.324500 ms MarkObjects: 4.181800 ms  DeleteObjects: 0.051300 ms)

AssetImportParameters requested are different than current active one (requested -> active):
  custom:video-decoder-ogg-theora: a1e56fd34408186e4bbccfd4996cb3dc -> 
  custom:container-muxer-webm: aa71ff27fc2769a1b78a27578f13a17b -> 
  custom:container-demuxer-webm: 4f35f7cbe854078d1ac9338744f61a02 -> 
  custom:video-encoder-webm-vp8: eb34c28f22e8b96e1ab97ce403110664 -> 
  custom:audio-encoder-webm-vorbis: bf7c407c2cedff20999df2af8eb42d56 -> 
  custom:framework-win-MediaFoundation: 216162199b28c13a410421893ffa2e32 -> 
  custom:container-demuxer-ogg: 62fdf1f143b41e24485cea50d1cbac27 -> 
  custom:video-decoder-webm-vp8: 9c59270c3fd7afecdb556c50c9e8de78 -> 
  custom:audio-decoder-ogg-vorbis: bf7c407c2cedff20999df2af8eb42d56 -> 
